<?xml version="1.0" encoding="UTF-8"?>
<coverage generated="1734218134752" clover="3.2.0">
  <project timestamp="1734218134752" name="All files">
    <metrics statements="11" coveredstatements="11" conditionals="9" coveredconditionals="9" methods="2" coveredmethods="2" elements="22" coveredelements="22" complexity="0" loc="11" ncloc="11" packages="1" files="2" classes="2"/>
    <file name="ejercicio2.js" path="C:\Users\jua24\Documents\GitHub\DWES\11-unit-test\src\ejercicio2.js">
      <metrics statements="6" coveredstatements="6" conditionals="3" coveredconditionals="3" methods="1" coveredmethods="1"/>
      <line num="2" count="6" type="stmt"/>
      <line num="3" count="6" type="stmt"/>
      <line num="5" count="6" type="cond" truecount="2" falsecount="0"/>
      <line num="6" count="4" type="stmt"/>
      <line num="8" count="2" type="stmt"/>
      <line num="12" count="2" type="stmt"/>
    </file>
    <file name="fizzbuzz.js" path="C:\Users\jua24\Documents\GitHub\DWES\11-unit-test\src\fizzbuzz.js">
      <metrics statements="5" coveredstatements="5" conditionals="6" coveredconditionals="6" methods="1" coveredmethods="1"/>
      <line num="3" count="8" type="stmt"/>
      <line num="4" count="8" type="cond" truecount="2" falsecount="0"/>
      <line num="5" count="8" type="cond" truecount="2" falsecount="0"/>
      <line num="7" count="8" type="cond" truecount="2" falsecount="0"/>
      <line num="10" count="2" type="stmt"/>
    </file>
  </project>
</coverage>
