{"C:\\Users\\jua24\\Documents\\GitHub\\DWES\\11-unit-test\\src\\ejercicio2.js": {"path":"C:\\Users\\jua24\\Documents\\GitHub\\DWES\\11-unit-test\\src\\ejercicio2.js","statementMap":{"0":{"start":{"line":2,"column":15},"end":{"line":2,"column":31}},"1":{"start":{"line":3,"column":15},"end":{"line":3,"column":31}},"2":{"start":{"line":5,"column":4},"end":{"line":9,"column":5}},"3":{"start":{"line":6,"column":8},"end":{"line":6,"column":77}},"4":{"start":{"line":8,"column":8},"end":{"line":8,"column":77}},"5":{"start":{"line":12,"column":0},"end":{"line":12,"column":32}}},"fnMap":{"0":{"name":"compararFechas","decl":{"start":{"line":1,"column":9},"end":{"line":1,"column":23}},"loc":{"start":{"line":1,"column":53},"end":{"line":10,"column":1}},"line":1}},"branchMap":{"0":{"loc":{"start":{"line":1,"column":32},"end":{"line":1,"column":51}},"type":"default-arg","locations":[{"start":{"line":1,"column":41},"end":{"line":1,"column":51}}],"line":1},"1":{"loc":{"start":{"line":5,"column":4},"end":{"line":9,"column":5}},"type":"if","locations":[{"start":{"line":5,"column":4},"end":{"line":9,"column":5}},{"start":{"line":7,"column":11},"end":{"line":9,"column":5}}],"line":5}},"s":{"0":6,"1":6,"2":6,"3":4,"4":2,"5":2},"f":{"0":6},"b":{"0":[2],"1":[4,2]},"_coverageSchema":"1a1c01bbd47fc00a2c39e90264f33305004495a9","hash":"027d28d319cbf42624934a92774c3be3182879fc"}
,"C:\\Users\\jua24\\Documents\\GitHub\\DWES\\11-unit-test\\src\\fizzbuzz.js": {"path":"C:\\Users\\jua24\\Documents\\GitHub\\DWES\\11-unit-test\\src\\fizzbuzz.js","statementMap":{"0":{"start":{"line":3,"column":17},"end":{"line":3,"column":19}},"1":{"start":{"line":4,"column":2},"end":{"line":4,"column":36}},"2":{"start":{"line":4,"column":19},"end":{"line":4,"column":36}},"3":{"start":{"line":5,"column":2},"end":{"line":5,"column":36}},"4":{"start":{"line":5,"column":19},"end":{"line":5,"column":36}},"5":{"start":{"line":7,"column":2},"end":{"line":7,"column":21}},"6":{"start":{"line":10,"column":0},"end":{"line":10,"column":26}}},"fnMap":{"0":{"name":"fizzBuzz","decl":{"start":{"line":1,"column":9},"end":{"line":1,"column":17}},"loc":{"start":{"line":1,"column":21},"end":{"line":8,"column":1}},"line":1}},"branchMap":{"0":{"loc":{"start":{"line":4,"column":2},"end":{"line":4,"column":36}},"type":"if","locations":[{"start":{"line":4,"column":2},"end":{"line":4,"column":36}},{"start":{},"end":{}}],"line":4},"1":{"loc":{"start":{"line":5,"column":2},"end":{"line":5,"column":36}},"type":"if","locations":[{"start":{"line":5,"column":2},"end":{"line":5,"column":36}},{"start":{},"end":{}}],"line":5},"2":{"loc":{"start":{"line":7,"column":9},"end":{"line":7,"column":20}},"type":"binary-expr","locations":[{"start":{"line":7,"column":9},"end":{"line":7,"column":15}},{"start":{"line":7,"column":19},"end":{"line":7,"column":20}}],"line":7}},"s":{"0":8,"1":8,"2":4,"3":8,"4":4,"5":8,"6":2},"f":{"0":8},"b":{"0":[4,4],"1":[4,4],"2":[8,2]},"_coverageSchema":"1a1c01bbd47fc00a2c39e90264f33305004495a9","hash":"cc3045e83440d765079659c87ecf74169a0ea680"}
}
